<?xml version="1.0" encoding="UTF-8"?>
<testng-results skipped="0" failed="0" ignored="0" total="1" passed="1">
  <reporter-output>
  </reporter-output>
  <suite name="Default suite" duration-ms="23205" started-at="2019-04-10T10:45:21Z" finished-at="2019-04-10T10:45:45Z">
    <groups>
    </groups>
    <test name="Default test" duration-ms="23205" started-at="2019-04-10T10:45:21Z" finished-at="2019-04-10T10:45:45Z">
      <class name="com.nearbuy.qa.testcases.SerachTest">
        <test-method status="PASS" signature="setUp()[pri:0, instance:com.nearbuy.qa.testcases.SerachTest@4667ae56]" name="setUp" is-config="true" duration-ms="23109" started-at="2019-04-10T10:45:21Z" finished-at="2019-04-10T10:45:45Z">
          <reporter-output>
          </reporter-output>
        </test-method> <!-- setUp -->
        <test-method status="PASS" signature="serachTest()[pri:1, instance:com.nearbuy.qa.testcases.SerachTest@4667ae56]" name="serachTest" duration-ms="73" started-at="2019-04-10T10:45:45Z" finished-at="2019-04-10T10:45:45Z">
          <reporter-output>
          </reporter-output>
        </test-method> <!-- serachTest -->
      </class> <!-- com.nearbuy.qa.testcases.SerachTest -->
    </test> <!-- Default test -->
  </suite> <!-- Default suite -->
</testng-results>
